Copyright 1986-2019 Xilinx, Inc. All Rights Reserved.
------------------------------------------------------------------------------------
| Tool Version : Vivado v.2019.1 (win64) Build 2552052 Fri May 24 14:49:42 MDT 2019
| Date         : Wed Apr 23 14:05:48 2025
| Host         : DESKTOP-2TI4DL6 running 64-bit major release  (build 9200)
| Command      : upgrade_ip
| Device       : xc7z020clg400-1
------------------------------------------------------------------------------------

Upgrade Log for IP 'design_1_myMNIST_CNN_0_0'

1. Summary
----------

SUCCESS in the conversion of design_1_myMNIST_CNN_0_0 (xilinx.com:user:myMNIST_CNN:1.0 (Rev. 4)) to Vivado generation flows.






Copyright 1986-2019 Xilinx, Inc. All Rights Reserved.
------------------------------------------------------------------------------------
| Tool Version : Vivado v.2019.1 (win64) Build 2552052 Fri May 24 14:49:42 MDT 2019
| Date         : Wed Apr 23 14:05:06 2025
| Host         : DESKTOP-2TI4DL6 running 64-bit major release  (build 9200)
| Command      : upgrade_ip
| Device       : xc7z020clg400-1
------------------------------------------------------------------------------------

Upgrade Log for IP 'design_1_myMNIST_CNN_0_0'

1. Summary
----------

CAUTION (success, with warnings) in the upgrade of design_1_myMNIST_CNN_0_0 (xilinx.com:user:myMNIST_CNN:1.0) from (Rev. 3) to (Rev. 4)

2. Interface Information
------------------------

Detected external interface differences while upgrading 'design_1_myMNIST_CNN_0_0'.


-Upgrade has added interface 'done_intr_o' (xilinx.com:signal:interrupt:1.0)







Copyright 1986-2019 Xilinx, Inc. All Rights Reserved.
------------------------------------------------------------------------------------
| Tool Version : Vivado v.2019.1 (win64) Build 2552052 Fri May 24 14:49:42 MDT 2019
| Date         : Wed Apr 23 02:25:02 2025
| Host         : DESKTOP-2TI4DL6 running 64-bit major release  (build 9200)
| Command      : upgrade_ip
| Device       : xc7z020clg400-1
------------------------------------------------------------------------------------

Upgrade Log for IP 'design_1_myMNIST_CNN_0_0'

1. Summary
----------

CAUTION (success, with warnings) in the upgrade of design_1_myMNIST_CNN_0_0 (xilinx.com:user:myMNIST_CNN:1.0) from (Rev. 2) to (Rev. 3)

After upgrade, an IP may have parameter and port differences compared to the original customization. Please review the parameters within the IP customization GUI to ensure proper functionality. Also, please review the updated IP instantiation template to ensure proper connectivity, and update your design if required.

2. Connection Warnings
----------------------

Detected external port differences while upgrading 'design_1_myMNIST_CNN_0_0'. These changes may impact your design.


-Upgraded port 'y_buf_data' width 32 differs from original width 4


