#-----------------------------------------------------------
# Vivado v2019.1 (64-bit)
# SW Build 2552052 on Fri May 24 14:49:42 MDT 2019
# IP Build 2548770 on Fri May 24 18:01:18 MDT 2019
# Start of session at: Tue Apr 22 23:39:38 2025
# Process ID: 47484
# Current directory: F:/MNIST_CNN_FPGA
# Command line: vivado.exe -gui_launcher_event rodinguilauncherevent3316 F:\MNIST_CNN_FPGA\MNIST_CNN_FPGA.xpr
# Log file: F:/MNIST_CNN_FPGA/vivado.log
# Journal file: F:/MNIST_CNN_FPGA\vivado.jou
#-----------------------------------------------------------
start_gui
open_project F:/MNIST_CNN_FPGA/MNIST_CNN_FPGA.xpr
WARNING: [Board 49-91] Board repository path 'C:/Users/foodbug/AppData/Roaming/Xilinx/Vivado/2019.1/xhub/board_store' does not exist, it will not be used to search board files.
Scanning sources...
Finished scanning sources
WARNING: [filemgmt 56-3] Board Part Repository Path: Could not find the directory 'C:/Users/foodbug/AppData/Roaming/Xilinx/Vivado/2019.1/xhub/board_store'.
INFO: [IP_Flow 19-234] Refreshing IP repositories
INFO: [IP_Flow 19-1704] No user IP repositories specified
INFO: [IP_Flow 19-2313] Loaded Vivado IP repository 'C:/Xilinx/Vivado/2019.1/data/ip'.
update_compile_order -fileset sources_1
launch_simulation
boost::filesystem::remove: 다른 프로세스가 파일을 사용 중이기 때문에 프로세스가 액세스 할 수 없습니다: "F:/MNIST_CNN_FPGA/MNIST_CNN_FPGA.sim/sim_1/behav/xsim/simulate.log"
reset_simulation -simset sim_1 -mode behavioral
INFO: [Vivado 12-2266] Removing simulation data...
WARNING: [Vivado 12-3661] Failed to remove file:F:/MNIST_CNN_FPGA/MNIST_CNN_FPGA.sim/sim_1/behav/xsim/simulate.log
WARNING: [Vivado 12-3661] Failed to remove file:F:/MNIST_CNN_FPGA/MNIST_CNN_FPGA.sim/sim_1/behav/xsim/tb_top_cnn_behav.wdb
WARNING: [Vivado 12-3661] Failed to remove file:F:/MNIST_CNN_FPGA/MNIST_CNN_FPGA.sim/sim_1/behav/xsim/xelab.pb
WARNING: [Vivado 12-3661] Failed to remove file:F:/MNIST_CNN_FPGA/MNIST_CNN_FPGA.sim/sim_1/behav/xsim/xsim.dir/tb_top_cnn_behav/xsim.xdbg
WARNING: [Vivado 12-4421] Failed to remove directory:F:/MNIST_CNN_FPGA/MNIST_CNN_FPGA.sim/sim_1/behav/xsim/xsim.dir/tb_top_cnn_behav
WARNING: [Vivado 12-4421] Failed to remove directory:F:/MNIST_CNN_FPGA/MNIST_CNN_FPGA.sim/sim_1/behav/xsim/xsim.dir
WARNING: [Vivado 12-3661] Failed to remove file:F:/MNIST_CNN_FPGA/MNIST_CNN_FPGA.sim/sim_1/behav/xsim/xvlog.log
WARNING: [Vivado 12-3661] Failed to remove file:F:/MNIST_CNN_FPGA/MNIST_CNN_FPGA.sim/sim_1/behav/xsim/xvlog.pb
INFO: [Vivado 12-2267] Reset complete
launch_simulation
boost::filesystem::remove: 다른 프로세스가 파일을 사용 중이기 때문에 프로세스가 액세스 할 수 없습니다: "F:/MNIST_CNN_FPGA/MNIST_CNN_FPGA.sim/sim_1/behav/xsim/simulate.log"
exit
INFO: [Common 17-206] Exiting Vivado at Tue Apr 22 23:41:10 2025...
