#-----------------------------------------------------------
# Vivado v2019.1 (64-bit)
# SW Build 2552052 on Fri May 24 14:49:42 MDT 2019
# IP Build 2548770 on Fri May 24 18:01:18 MDT 2019
# Start of session at: Mon Apr 21 23:36:46 2025
# Process ID: 24380
# Current directory: F:/MNIST_CNN_FPGA
# Command line: vivado.exe -gui_launcher_event rodinguilauncherevent5580 F:\MNIST_CNN_FPGA\MNIST_CNN_FPGA.xpr
# Log file: F:/MNIST_CNN_FPGA/vivado.log
# Journal file: F:/MNIST_CNN_FPGA\vivado.jou
#-----------------------------------------------------------
start_gui
open_project F:/MNIST_CNN_FPGA/MNIST_CNN_FPGA.xpr
WARNING: [Board 49-91] Board repository path 'C:/Users/foodbug/AppData/Roaming/Xilinx/Vivado/2019.1/xhub/board_store' does not exist, it will not be used to search board files.
Scanning sources...
Finished scanning sources
WARNING: [filemgmt 56-3] Board Part Repository Path: Could not find the directory 'C:/Users/foodbug/AppData/Roaming/Xilinx/Vivado/2019.1/xhub/board_store'.
INFO: [IP_Flow 19-234] Refreshing IP repositories
INFO: [IP_Flow 19-1704] No user IP repositories specified
INFO: [IP_Flow 19-2313] Loaded Vivado IP repository 'C:/Xilinx/Vivado/2019.1/data/ip'.
update_compile_order -fileset sources_1
launch_simulation
INFO: [Vivado 12-5682] Launching behavioral simulation in 'F:/MNIST_CNN_FPGA/MNIST_CNN_FPGA.sim/sim_1/behav/xsim'
INFO: [SIM-utils-51] Simulation object is 'sim_1'
INFO: [SIM-utils-54] Inspecting design source files for 'tb_top' in fileset 'sim_1'...
INFO: [USF-XSim-97] Finding global include files...
INFO: [USF-XSim-98] Fetching design files from 'sim_1'...
INFO: [USF-XSim-2] XSim::Compile design
INFO: [USF-XSim-61] Executing 'COMPILE and ANALYZE' step in 'F:/MNIST_CNN_FPGA/MNIST_CNN_FPGA.sim/sim_1/behav/xsim'
"xvlog --incr --relax -prj tb_top_vlog.prj"
INFO: [VRFC 10-2263] Analyzing SystemVerilog file "F:/MNIST_CNN_FPGA/MNIST_CNN_FPGA.srcs/sources_1/new/Accumulator.sv" into library xil_defaultlib
INFO: [VRFC 10-311] analyzing module Accumulator
INFO: [VRFC 10-2263] Analyzing SystemVerilog file "F:/MNIST_CNN_FPGA/MNIST_CNN_FPGA.srcs/sources_1/new/BUF1.sv" into library xil_defaultlib
INFO: [VRFC 10-311] analyzing module BUF1
INFO: [VRFC 10-2263] Analyzing SystemVerilog file "F:/MNIST_CNN_FPGA/MNIST_CNN_FPGA.srcs/sources_1/new/BUF2.sv" into library xil_defaultlib
INFO: [VRFC 10-311] analyzing module BUF2
INFO: [VRFC 10-2263] Analyzing SystemVerilog file "F:/MNIST_CNN_FPGA/MNIST_CNN_FPGA.srcs/sources_1/new/Bias_ROM.sv" into library xil_defaultlib
INFO: [VRFC 10-311] analyzing module Bias_ROM
INFO: [VRFC 10-2263] Analyzing SystemVerilog file "F:/MNIST_CNN_FPGA/MNIST_CNN_FPGA.srcs/sources_1/new/Comparator.sv" into library xil_defaultlib
INFO: [VRFC 10-311] analyzing module Comparator
INFO: [VRFC 10-2263] Analyzing SystemVerilog file "F:/MNIST_CNN_FPGA/MNIST_CNN_FPGA.srcs/sources_1/new/FC_Bias_ROM.sv" into library xil_defaultlib
INFO: [VRFC 10-311] analyzing module FC_Bias_ROM
INFO: [VRFC 10-2263] Analyzing SystemVerilog file "F:/MNIST_CNN_FPGA/MNIST_CNN_FPGA.srcs/sources_1/new/FC_Controller.sv" into library xil_defaultlib
INFO: [VRFC 10-311] analyzing module FC_Controller
INFO: [VRFC 10-2263] Analyzing SystemVerilog file "F:/MNIST_CNN_FPGA/MNIST_CNN_FPGA.srcs/sources_1/new/FC_Layer.sv" into library xil_defaultlib
INFO: [VRFC 10-311] analyzing module FC_Layer
INFO: [VRFC 10-2263] Analyzing SystemVerilog file "F:/MNIST_CNN_FPGA/MNIST_CNN_FPGA.srcs/sources_1/new/FIFO.sv" into library xil_defaultlib
INFO: [VRFC 10-311] analyzing module FIFO
INFO: [VRFC 10-2263] Analyzing SystemVerilog file "F:/MNIST_CNN_FPGA/MNIST_CNN_FPGA.srcs/sources_1/new/MAC.sv" into library xil_defaultlib
INFO: [VRFC 10-311] analyzing module MAC
INFO: [VRFC 10-2263] Analyzing SystemVerilog file "F:/MNIST_CNN_FPGA/MNIST_CNN_FPGA.srcs/sources_1/new/MaxPooling_ReLU.sv" into library xil_defaultlib
INFO: [VRFC 10-311] analyzing module MaxPooling_ReLU
INFO: [VRFC 10-2263] Analyzing SystemVerilog file "F:/MNIST_CNN_FPGA/MNIST_CNN_FPGA.srcs/sources_1/new/Max_finder.sv" into library xil_defaultlib
INFO: [VRFC 10-311] analyzing module Max_finder
INFO: [VRFC 10-2263] Analyzing SystemVerilog file "F:/MNIST_CNN_FPGA/MNIST_CNN_FPGA.srcs/sources_1/new/PE.sv" into library xil_defaultlib
INFO: [VRFC 10-311] analyzing module PE
INFO: [VRFC 10-2263] Analyzing SystemVerilog file "F:/MNIST_CNN_FPGA/MNIST_CNN_FPGA.srcs/sources_1/new/PE_Array.sv" into library xil_defaultlib
INFO: [VRFC 10-311] analyzing module PE_Array
INFO: [VRFC 10-2263] Analyzing SystemVerilog file "F:/MNIST_CNN_FPGA/MNIST_CNN_FPGA.srcs/sources_1/new/Sliding_Window.sv" into library xil_defaultlib
INFO: [VRFC 10-311] analyzing module Sliding_Window
INFO: [VRFC 10-2263] Analyzing SystemVerilog file "F:/MNIST_CNN_FPGA/MNIST_CNN_FPGA.srcs/sources_1/new/acc.sv" into library xil_defaultlib
INFO: [VRFC 10-311] analyzing module acc
INFO: [VRFC 10-2263] Analyzing SystemVerilog file "F:/MNIST_CNN_FPGA/MNIST_CNN_FPGA.srcs/sources_1/new/glbl_controller.sv" into library xil_defaultlib
INFO: [VRFC 10-311] analyzing module glbl_controller
INFO: [VRFC 10-2263] Analyzing SystemVerilog file "F:/MNIST_CNN_FPGA/MNIST_CNN_FPGA.srcs/sources_1/new/matmul.sv" into library xil_defaultlib
INFO: [VRFC 10-311] analyzing module matmul
INFO: [VRFC 10-2263] Analyzing SystemVerilog file "F:/MNIST_CNN_FPGA/MNIST_CNN_FPGA.srcs/sources_1/new/mul.sv" into library xil_defaultlib
INFO: [VRFC 10-311] analyzing module mul
INFO: [VRFC 10-2263] Analyzing SystemVerilog file "F:/MNIST_CNN_FPGA/MNIST_CNN_FPGA.srcs/sources_1/new/single_port_bram.sv" into library xil_defaultlib
INFO: [VRFC 10-311] analyzing module single_port_bram
INFO: [VRFC 10-2263] Analyzing SystemVerilog file "F:/MNIST_CNN_FPGA/MNIST_CNN_FPGA.srcs/sources_1/new/top.sv" into library xil_defaultlib
INFO: [VRFC 10-311] analyzing module top
INFO: [VRFC 10-2458] undeclared symbol Bias_Sel, assumed default net type wire [F:/MNIST_CNN_FPGA/MNIST_CNN_FPGA.srcs/sources_1/new/top.sv:176]
INFO: [VRFC 10-2458] undeclared symbol acc_wr_en, assumed default net type wire [F:/MNIST_CNN_FPGA/MNIST_CNN_FPGA.srcs/sources_1/new/top.sv:180]
INFO: [VRFC 10-2458] undeclared symbol acc_rd_en, assumed default net type wire [F:/MNIST_CNN_FPGA/MNIST_CNN_FPGA.srcs/sources_1/new/top.sv:181]
INFO: [VRFC 10-2458] undeclared symbol Slide_wr_en, assumed default net type wire [F:/MNIST_CNN_FPGA/MNIST_CNN_FPGA.srcs/sources_1/new/top.sv:190]
INFO: [VRFC 10-2458] undeclared symbol Slide_rd_en, assumed default net type wire [F:/MNIST_CNN_FPGA/MNIST_CNN_FPGA.srcs/sources_1/new/top.sv:191]
INFO: [VRFC 10-2458] undeclared symbol Slide_trigger, assumed default net type wire [F:/MNIST_CNN_FPGA/MNIST_CNN_FPGA.srcs/sources_1/new/top.sv:192]
INFO: [VRFC 10-2458] undeclared symbol Slide_clear, assumed default net type wire [F:/MNIST_CNN_FPGA/MNIST_CNN_FPGA.srcs/sources_1/new/top.sv:193]
INFO: [VRFC 10-2458] undeclared symbol BUF1_wr_en, assumed default net type wire [F:/MNIST_CNN_FPGA/MNIST_CNN_FPGA.srcs/sources_1/new/top.sv:195]
INFO: [VRFC 10-2458] undeclared symbol FC_en, assumed default net type wire [F:/MNIST_CNN_FPGA/MNIST_CNN_FPGA.srcs/sources_1/new/top.sv:489]
INFO: [VRFC 10-2263] Analyzing SystemVerilog file "F:/MNIST_CNN_FPGA/MNIST_CNN_FPGA.srcs/sim_1/new/tb_top.sv" into library xil_defaultlib
INFO: [VRFC 10-311] analyzing module tb_top
INFO: [USF-XSim-69] 'compile' step finished in '3' seconds
INFO: [USF-XSim-3] XSim::Elaborate design
INFO: [USF-XSim-61] Executing 'ELABORATE' step in 'F:/MNIST_CNN_FPGA/MNIST_CNN_FPGA.sim/sim_1/behav/xsim'
"xelab -wto 00141a858f8644ca84cc9f42cd653d50 --incr --debug typical --relax --mt 2 -L xil_defaultlib -L unisims_ver -L unimacro_ver -L secureip --snapshot tb_top_behav xil_defaultlib.tb_top xil_defaultlib.glbl -log elaborate.log"
Vivado Simulator 2019.1
Copyright 1986-1999, 2001-2019 Xilinx, Inc. All Rights Reserved.
Running: C:/Xilinx/Vivado/2019.1/bin/unwrapped/win64.o/xelab.exe -wto 00141a858f8644ca84cc9f42cd653d50 --incr --debug typical --relax --mt 2 -L xil_defaultlib -L unisims_ver -L unimacro_ver -L secureip --snapshot tb_top_behav xil_defaultlib.tb_top xil_defaultlib.glbl -log elaborate.log 
Using 2 slave threads.
Starting static elaboration
WARNING: [VRFC 10-3091] actual bit length 4 differs from formal bit length 5 for port 'result' [F:/MNIST_CNN_FPGA/MNIST_CNN_FPGA.srcs/sim_1/new/tb_top.sv:16]
WARNING: [VRFC 10-3091] actual bit length 5 differs from formal bit length 4 for port 'result_o' [F:/MNIST_CNN_FPGA/MNIST_CNN_FPGA.srcs/sources_1/new/top.sv:216]
Completed static elaboration
Starting simulation data flow analysis
WARNING: [XSIM 43-4099] "F:/MNIST_CNN_FPGA/MNIST_CNN_FPGA.srcs/sources_1/new/TDP.v" Line 8. Module xilinx_true_dual_port_no_change_1_clock_ram(RAM_DEPTH=7840,RAM_PERFORMANCE="LOW_LATENCY",INIT_FILE="F:/cnn_verilog/INT8_input_image_hex.txt") doesn't have a timescale but at least one module in design has a timescale.
Completed simulation data flow analysis
Time Resolution for simulation is 1ps
Compiling module xil_defaultlib.glbl_controller
Compiling module xil_defaultlib.MAC
Compiling module xil_defaultlib.matmul_default
Compiling module xil_defaultlib.Max_finder
Compiling module xil_defaultlib.FC_Layer
Compiling module xil_defaultlib.FC_Controller
Compiling module xil_defaultlib.mul
Compiling module xil_defaultlib.acc
Compiling module xil_defaultlib.PE_default
Compiling module xil_defaultlib.Accumulator
Compiling module xil_defaultlib.PE_Array_default
Compiling module xil_defaultlib.Comparator
Compiling module xil_defaultlib.FIFO
Compiling module xil_defaultlib.MaxPooling_ReLU
Compiling module xil_defaultlib.BUF1
Compiling module xil_defaultlib.BUF2
Compiling module xil_defaultlib.single_port_bram(INIT_FILE="F:/c...
Compiling module xil_defaultlib.single_port_bram(INIT_FILE="F:/c...
Compiling module xil_defaultlib.single_port_bram(INIT_FILE="F:/c...
Compiling module xil_defaultlib.single_port_bram(WIDTH=80,DEPTH=...
Compiling module xil_defaultlib.FC_Bias_ROM(FILENAME="F:/cnn_ver...
Compiling module xil_defaultlib.xilinx_true_dual_port_no_change_...
Compiling module xil_defaultlib.Sliding_Window
Compiling module xil_defaultlib.Bias_ROM(FILENAME1="F:/cnn_veril...
Compiling module xil_defaultlib.top
Compiling module xil_defaultlib.tb_top
Compiling module xil_defaultlib.glbl
Built simulation snapshot tb_top_behav

****** Webtalk v2019.1 (64-bit)
  **** SW Build 2552052 on Fri May 24 14:49:42 MDT 2019
  **** IP Build 2548770 on Fri May 24 18:01:18 MDT 2019
    ** Copyright 1986-2019 Xilinx, Inc. All Rights Reserved.

source F:/MNIST_CNN_FPGA/MNIST_CNN_FPGA.sim/sim_1/behav/xsim/xsim.dir/tb_top_behav/webtalk/xsim_webtalk.tcl -notrace
INFO: [Common 17-206] Exiting Webtalk at Mon Apr 21 23:37:33 2025...
run_program: Time (s): cpu = 00:00:00 ; elapsed = 00:00:05 . Memory (MB): peak = 733.738 ; gain = 0.000
INFO: [USF-XSim-69] 'elaborate' step finished in '5' seconds
INFO: [USF-XSim-4] XSim::Simulate design
INFO: [USF-XSim-61] Executing 'SIMULATE' step in 'F:/MNIST_CNN_FPGA/MNIST_CNN_FPGA.sim/sim_1/behav/xsim'
INFO: [USF-XSim-98] *** Running xsim
   with args "tb_top_behav -key {Behavioral:sim_1:Functional:tb_top} -tclbatch {tb_top.tcl} -view {F:/MNIST_CNN_FPGA/tb_top_behav.wcfg} -log {simulate.log}"
INFO: [USF-XSim-8] Loading simulator feature
Vivado Simulator 2019.1
Time resolution is 1 ps
open_wave_config F:/MNIST_CNN_FPGA/tb_top_behav.wcfg
open_wave_config: Time (s): cpu = 00:00:09 ; elapsed = 00:00:09 . Memory (MB): peak = 751.824 ; gain = 0.000
source tb_top.tcl
# set curr_wave [current_wave_config]
# if { [string length $curr_wave] == 0 } {
#   if { [llength [get_objects]] > 0} {
#     add_wave /
#     set_property needs_save false [current_wave_config]
#   } else {
#      send_msg_id Add_Wave-1 WARNING "No top level signals found. Simulator will start without a wave window. If you want to open a wave window go to 'File->New Waveform Configuration' or type 'create_wave_config' in the TCL console."
#   }
# }
# run 1000ns
xsim: Time (s): cpu = 00:00:12 ; elapsed = 00:00:12 . Memory (MB): peak = 1033.344 ; gain = 299.605
INFO: [USF-XSim-96] XSim completed. Design snapshot 'tb_top_behav' loaded.
INFO: [USF-XSim-97] XSim simulation ran for 1000ns
launch_simulation: Time (s): cpu = 00:00:13 ; elapsed = 00:00:21 . Memory (MB): peak = 1033.344 ; gain = 299.605
run 5 ms
$finish called at time : 7355 ns : File "F:/MNIST_CNN_FPGA/MNIST_CNN_FPGA.srcs/sim_1/new/tb_top.sv" Line 35
run 5 ms
run: Time (s): cpu = 00:00:09 ; elapsed = 00:00:06 . Memory (MB): peak = 1231.727 ; gain = 43.887
