#-----------------------------------------------------------
# Vivado v2019.1 (64-bit)
# SW Build 2552052 on Fri May 24 14:49:42 MDT 2019
# IP Build 2548770 on Fri May 24 18:01:18 MDT 2019
# Start of session at: Fri Apr 25 05:39:53 2025
# Process ID: 10136
# Current directory: F:/MNIST_CNN_FPGA
# Command line: vivado.exe -gui_launcher_event rodinguilauncherevent19908 F:\MNIST_CNN_FPGA\MNIST_CNN_FPGA.xpr
# Log file: F:/MNIST_CNN_FPGA/vivado.log
# Journal file: F:/MNIST_CNN_FPGA\vivado.jou
#-----------------------------------------------------------
start_gui
open_project F:/MNIST_CNN_FPGA/MNIST_CNN_FPGA.xpr
WARNING: [Board 49-91] Board repository path 'C:/Users/foodbug/AppData/Roaming/Xilinx/Vivado/2019.1/xhub/board_store' does not exist, it will not be used to search board files.
Scanning sources...
Finished scanning sources
WARNING: [filemgmt 56-3] Board Part Repository Path: Could not find the directory 'C:/Users/foodbug/AppData/Roaming/Xilinx/Vivado/2019.1/xhub/board_store'.
INFO: [IP_Flow 19-234] Refreshing IP repositories
INFO: [IP_Flow 19-1700] Loaded user IP repository 'f:/ip_repo/myMNIST_CNN_1.0'.
INFO: [IP_Flow 19-2313] Loaded Vivado IP repository 'C:/Xilinx/Vivado/2019.1/data/ip'.
open_project: Time (s): cpu = 00:00:10 ; elapsed = 00:00:08 . Memory (MB): peak = 775.566 ; gain = 147.012
update_compile_order -fileset sources_1
exit
INFO: [Common 17-206] Exiting Vivado at Fri Apr 25 05:41:49 2025...
