14:21:40 INFO  : Registering command handlers for SDK TCF services
14:21:41 INFO  : Launching XSCT server: xsct.bat -interactive D:\MNIST-CNN-FPGA-S\MNIST_CNN_FPGA.sdk\temp_xsdb_launch_script.tcl
14:21:44 INFO  : XSCT server has started successfully.
14:21:44 INFO  : Successfully done setting XSCT server connection channel  
14:21:47 INFO  : Successfully done setting SDK workspace  
14:21:47 INFO  : Processing command line option -hwspec D:/MNIST-CNN-FPGA-S/MNIST_CNN_FPGA.sdk/design_1_wrapper.hdf.
14:25:23 INFO  : Connected to target on host '127.0.0.1' and port '3121'.
14:25:23 INFO  : Jtag cable 'Digilent Zybo Z7 210351BA1F56A' is selected.
14:25:23 INFO  : 'jtag frequency' command is executed.
14:25:23 INFO  : Sourcing of 'D:/MNIST-CNN-FPGA-S/MNIST_CNN_FPGA.sdk/design_1_wrapper_hw_platform_0/ps7_init.tcl' is done.
14:25:23 INFO  : Context for 'APU' is selected.
14:25:23 INFO  : System reset is completed.
14:25:26 INFO  : 'after 3000' command is executed.
14:25:27 INFO  : 'targets -set -filter {jtag_cable_name =~ "Digilent Zybo Z7 210351BA1F56A" && level==0} -index 1' command is executed.
14:25:29 INFO  : FPGA configured successfully with bitstream "D:/MNIST-CNN-FPGA-S/MNIST_CNN_FPGA.sdk/design_1_wrapper_hw_platform_0/design_1_wrapper.bit"
14:25:29 INFO  : Context for 'APU' is selected.
14:25:29 INFO  : Hardware design information is loaded from 'D:/MNIST-CNN-FPGA-S/MNIST_CNN_FPGA.sdk/design_1_wrapper_hw_platform_0/system.hdf'.
14:25:29 INFO  : 'configparams force-mem-access 1' command is executed.
14:25:29 INFO  : Context for 'APU' is selected.
14:25:29 INFO  : 'ps7_init' command is executed.
14:25:29 INFO  : 'ps7_post_config' command is executed.
14:25:29 INFO  : Context for processor 'ps7_cortexa9_0' is selected.
14:25:29 INFO  : The application 'D:/MNIST-CNN-FPGA-S/MNIST_CNN_FPGA.sdk/CNN/Debug/CNN.elf' is downloaded to processor 'ps7_cortexa9_0'.
14:25:29 INFO  : 'configparams force-mem-access 0' command is executed.
14:25:29 INFO  : ----------------XSDB Script----------------
connect -url tcp:127.0.0.1:3121
source D:/MNIST-CNN-FPGA-S/MNIST_CNN_FPGA.sdk/design_1_wrapper_hw_platform_0/ps7_init.tcl
targets -set -nocase -filter {name =~"APU*" && jtag_cable_name =~ "Digilent Zybo Z7 210351BA1F56A"} -index 0
rst -system
after 3000
targets -set -filter {jtag_cable_name =~ "Digilent Zybo Z7 210351BA1F56A" && level==0} -index 1
fpga -file D:/MNIST-CNN-FPGA-S/MNIST_CNN_FPGA.sdk/design_1_wrapper_hw_platform_0/design_1_wrapper.bit
targets -set -nocase -filter {name =~"APU*" && jtag_cable_name =~ "Digilent Zybo Z7 210351BA1F56A"} -index 0
loadhw -hw D:/MNIST-CNN-FPGA-S/MNIST_CNN_FPGA.sdk/design_1_wrapper_hw_platform_0/system.hdf -mem-ranges [list {0x40000000 0xbfffffff}]
configparams force-mem-access 1
targets -set -nocase -filter {name =~"APU*" && jtag_cable_name =~ "Digilent Zybo Z7 210351BA1F56A"} -index 0
ps7_init
ps7_post_config
targets -set -nocase -filter {name =~ "ARM*#0" && jtag_cable_name =~ "Digilent Zybo Z7 210351BA1F56A"} -index 0
dow D:/MNIST-CNN-FPGA-S/MNIST_CNN_FPGA.sdk/CNN/Debug/CNN.elf
configparams force-mem-access 0
----------------End of Script----------------

14:25:29 INFO  : Context for processor 'ps7_cortexa9_0' is selected.
14:25:29 INFO  : 'con' command is executed.
14:25:29 INFO  : ----------------XSDB Script (After Launch)----------------
targets -set -nocase -filter {name =~ "ARM*#0" && jtag_cable_name =~ "Digilent Zybo Z7 210351BA1F56A"} -index 0
con
----------------End of Script----------------

14:25:29 INFO  : Disconnected from the channel tcfchan#1.
14:30:02 INFO  : Connected to target on host '127.0.0.1' and port '3121'.
14:30:03 INFO  : Jtag cable 'Digilent Zybo Z7 210351BA1F56A' is selected.
14:30:03 INFO  : 'jtag frequency' command is executed.
14:30:03 INFO  : Sourcing of 'D:/MNIST-CNN-FPGA-S/MNIST_CNN_FPGA.sdk/design_1_wrapper_hw_platform_0/ps7_init.tcl' is done.
14:30:03 INFO  : Context for 'APU' is selected.
14:30:03 INFO  : System reset is completed.
14:30:06 INFO  : 'after 3000' command is executed.
14:30:06 INFO  : 'targets -set -filter {jtag_cable_name =~ "Digilent Zybo Z7 210351BA1F56A" && level==0} -index 1' command is executed.
14:30:08 INFO  : FPGA configured successfully with bitstream "D:/MNIST-CNN-FPGA-S/MNIST_CNN_FPGA.sdk/design_1_wrapper_hw_platform_0/design_1_wrapper.bit"
14:30:08 INFO  : Context for 'APU' is selected.
14:30:09 INFO  : Hardware design information is loaded from 'D:/MNIST-CNN-FPGA-S/MNIST_CNN_FPGA.sdk/design_1_wrapper_hw_platform_0/system.hdf'.
14:30:09 INFO  : 'configparams force-mem-access 1' command is executed.
14:30:09 INFO  : Context for 'APU' is selected.
14:30:10 INFO  : 'ps7_init' command is executed.
14:30:10 INFO  : 'ps7_post_config' command is executed.
14:30:10 INFO  : Context for processor 'ps7_cortexa9_0' is selected.
14:30:10 INFO  : The application 'D:/MNIST-CNN-FPGA-S/MNIST_CNN_FPGA.sdk/CNN/Debug/CNN.elf' is downloaded to processor 'ps7_cortexa9_0'.
14:30:10 INFO  : 'configparams force-mem-access 0' command is executed.
14:30:10 INFO  : ----------------XSDB Script----------------
connect -url tcp:127.0.0.1:3121
source D:/MNIST-CNN-FPGA-S/MNIST_CNN_FPGA.sdk/design_1_wrapper_hw_platform_0/ps7_init.tcl
targets -set -nocase -filter {name =~"APU*" && jtag_cable_name =~ "Digilent Zybo Z7 210351BA1F56A"} -index 0
rst -system
after 3000
targets -set -filter {jtag_cable_name =~ "Digilent Zybo Z7 210351BA1F56A" && level==0} -index 1
fpga -file D:/MNIST-CNN-FPGA-S/MNIST_CNN_FPGA.sdk/design_1_wrapper_hw_platform_0/design_1_wrapper.bit
targets -set -nocase -filter {name =~"APU*" && jtag_cable_name =~ "Digilent Zybo Z7 210351BA1F56A"} -index 0
loadhw -hw D:/MNIST-CNN-FPGA-S/MNIST_CNN_FPGA.sdk/design_1_wrapper_hw_platform_0/system.hdf -mem-ranges [list {0x40000000 0xbfffffff}]
configparams force-mem-access 1
targets -set -nocase -filter {name =~"APU*" && jtag_cable_name =~ "Digilent Zybo Z7 210351BA1F56A"} -index 0
ps7_init
ps7_post_config
targets -set -nocase -filter {name =~ "ARM*#0" && jtag_cable_name =~ "Digilent Zybo Z7 210351BA1F56A"} -index 0
dow D:/MNIST-CNN-FPGA-S/MNIST_CNN_FPGA.sdk/CNN/Debug/CNN.elf
configparams force-mem-access 0
----------------End of Script----------------

14:30:10 INFO  : Context for processor 'ps7_cortexa9_0' is selected.
14:30:10 INFO  : 'con' command is executed.
14:30:10 INFO  : ----------------XSDB Script (After Launch)----------------
targets -set -nocase -filter {name =~ "ARM*#0" && jtag_cable_name =~ "Digilent Zybo Z7 210351BA1F56A"} -index 0
con
----------------End of Script----------------

14:30:10 INFO  : Disconnected from the channel tcfchan#2.
14:49:51 INFO  : SDK has detected change in the last modified timestamps for source hardware specification file Source:1747028960152,  Project:1747027141379
14:49:51 INFO  : Project design_1_wrapper_hw_platform_0's source hardware specification located at D:/MNIST-CNN-FPGA-S/MNIST_CNN_FPGA.sdk/design_1_wrapper.hdf is now different from the local copy.
		 The local copy will be replaced with the source specification and your workspace will be updated.
14:55:20 INFO  : Copied contents of D:/MNIST-CNN-FPGA-S/MNIST_CNN_FPGA.sdk/design_1_wrapper.hdf into \design_1_wrapper_hw_platform_0\system.hdf.
14:55:22 INFO  : Synchronizing projects in the workspace with the hardware platform specification changes.
14:55:24 INFO  : 
14:55:25 INFO  : Updating hardware inferred compiler options for CNN.
14:55:25 INFO  : Clearing existing target manager status.
14:55:25 INFO  : Closing and re-opening the MSS file of ther project CNN_bsp
14:55:25 INFO  : Workspace synchronized with the new hardware specification file. Cleaning dependent projects...
14:55:26 WARN  : Linker script will not be updated automatically. Users need to update it manually.
14:56:33 INFO  : Connected to target on host '127.0.0.1' and port '3121'.
14:56:33 INFO  : Jtag cable 'Digilent Zybo Z7 210351BA1F56A' is selected.
14:56:33 INFO  : 'jtag frequency' command is executed.
14:56:33 INFO  : Sourcing of 'D:/MNIST-CNN-FPGA-S/MNIST_CNN_FPGA.sdk/design_1_wrapper_hw_platform_0/ps7_init.tcl' is done.
14:56:33 INFO  : Context for 'APU' is selected.
14:56:33 INFO  : System reset is completed.
14:56:36 INFO  : 'after 3000' command is executed.
14:56:36 INFO  : 'targets -set -filter {jtag_cable_name =~ "Digilent Zybo Z7 210351BA1F56A" && level==0} -index 1' command is executed.
14:56:39 INFO  : FPGA configured successfully with bitstream "D:/MNIST-CNN-FPGA-S/MNIST_CNN_FPGA.sdk/design_1_wrapper_hw_platform_0/design_1_wrapper.bit"
14:56:39 INFO  : Context for 'APU' is selected.
14:56:39 INFO  : Hardware design information is loaded from 'D:/MNIST-CNN-FPGA-S/MNIST_CNN_FPGA.sdk/design_1_wrapper_hw_platform_0/system.hdf'.
14:56:39 INFO  : 'configparams force-mem-access 1' command is executed.
14:56:39 INFO  : Context for 'APU' is selected.
14:56:39 INFO  : 'ps7_init' command is executed.
14:56:39 INFO  : 'ps7_post_config' command is executed.
14:56:39 INFO  : Context for processor 'ps7_cortexa9_0' is selected.
14:56:39 INFO  : The application 'D:/MNIST-CNN-FPGA-S/MNIST_CNN_FPGA.sdk/CNN/Debug/CNN.elf' is downloaded to processor 'ps7_cortexa9_0'.
14:56:39 INFO  : 'configparams force-mem-access 0' command is executed.
14:56:39 INFO  : ----------------XSDB Script----------------
connect -url tcp:127.0.0.1:3121
source D:/MNIST-CNN-FPGA-S/MNIST_CNN_FPGA.sdk/design_1_wrapper_hw_platform_0/ps7_init.tcl
targets -set -nocase -filter {name =~"APU*" && jtag_cable_name =~ "Digilent Zybo Z7 210351BA1F56A"} -index 0
rst -system
after 3000
targets -set -filter {jtag_cable_name =~ "Digilent Zybo Z7 210351BA1F56A" && level==0} -index 1
fpga -file D:/MNIST-CNN-FPGA-S/MNIST_CNN_FPGA.sdk/design_1_wrapper_hw_platform_0/design_1_wrapper.bit
targets -set -nocase -filter {name =~"APU*" && jtag_cable_name =~ "Digilent Zybo Z7 210351BA1F56A"} -index 0
loadhw -hw D:/MNIST-CNN-FPGA-S/MNIST_CNN_FPGA.sdk/design_1_wrapper_hw_platform_0/system.hdf -mem-ranges [list {0x40000000 0xbfffffff}]
configparams force-mem-access 1
targets -set -nocase -filter {name =~"APU*" && jtag_cable_name =~ "Digilent Zybo Z7 210351BA1F56A"} -index 0
ps7_init
ps7_post_config
targets -set -nocase -filter {name =~ "ARM*#0" && jtag_cable_name =~ "Digilent Zybo Z7 210351BA1F56A"} -index 0
dow D:/MNIST-CNN-FPGA-S/MNIST_CNN_FPGA.sdk/CNN/Debug/CNN.elf
configparams force-mem-access 0
----------------End of Script----------------

14:56:39 INFO  : Context for processor 'ps7_cortexa9_0' is selected.
14:56:39 INFO  : 'con' command is executed.
14:56:39 INFO  : ----------------XSDB Script (After Launch)----------------
targets -set -nocase -filter {name =~ "ARM*#0" && jtag_cable_name =~ "Digilent Zybo Z7 210351BA1F56A"} -index 0
con
----------------End of Script----------------

14:56:39 INFO  : Disconnected from the channel tcfchan#3.
14:57:34 INFO  : Connected to target on host '127.0.0.1' and port '3121'.
14:57:35 INFO  : Jtag cable 'Digilent Zybo Z7 210351BA1F56A' is selected.
14:57:35 INFO  : 'jtag frequency' command is executed.
14:57:35 INFO  : Sourcing of 'D:/MNIST-CNN-FPGA-S/MNIST_CNN_FPGA.sdk/design_1_wrapper_hw_platform_0/ps7_init.tcl' is done.
14:57:35 INFO  : Context for 'APU' is selected.
14:57:35 INFO  : System reset is completed.
14:57:38 INFO  : 'after 3000' command is executed.
14:57:38 INFO  : 'targets -set -filter {jtag_cable_name =~ "Digilent Zybo Z7 210351BA1F56A" && level==0} -index 1' command is executed.
14:57:40 INFO  : FPGA configured successfully with bitstream "D:/MNIST-CNN-FPGA-S/MNIST_CNN_FPGA.sdk/design_1_wrapper_hw_platform_0/design_1_wrapper.bit"
14:57:40 INFO  : Context for 'APU' is selected.
14:57:42 INFO  : Hardware design information is loaded from 'D:/MNIST-CNN-FPGA-S/MNIST_CNN_FPGA.sdk/design_1_wrapper_hw_platform_0/system.hdf'.
14:57:42 INFO  : 'configparams force-mem-access 1' command is executed.
14:57:42 INFO  : Context for 'APU' is selected.
14:57:42 INFO  : 'ps7_init' command is executed.
14:57:42 INFO  : 'ps7_post_config' command is executed.
14:57:42 INFO  : Context for processor 'ps7_cortexa9_0' is selected.
14:57:42 INFO  : The application 'D:/MNIST-CNN-FPGA-S/MNIST_CNN_FPGA.sdk/CNN/Debug/CNN.elf' is downloaded to processor 'ps7_cortexa9_0'.
14:57:42 INFO  : 'configparams force-mem-access 0' command is executed.
14:57:42 INFO  : ----------------XSDB Script----------------
connect -url tcp:127.0.0.1:3121
source D:/MNIST-CNN-FPGA-S/MNIST_CNN_FPGA.sdk/design_1_wrapper_hw_platform_0/ps7_init.tcl
targets -set -nocase -filter {name =~"APU*" && jtag_cable_name =~ "Digilent Zybo Z7 210351BA1F56A"} -index 0
rst -system
after 3000
targets -set -filter {jtag_cable_name =~ "Digilent Zybo Z7 210351BA1F56A" && level==0} -index 1
fpga -file D:/MNIST-CNN-FPGA-S/MNIST_CNN_FPGA.sdk/design_1_wrapper_hw_platform_0/design_1_wrapper.bit
targets -set -nocase -filter {name =~"APU*" && jtag_cable_name =~ "Digilent Zybo Z7 210351BA1F56A"} -index 0
loadhw -hw D:/MNIST-CNN-FPGA-S/MNIST_CNN_FPGA.sdk/design_1_wrapper_hw_platform_0/system.hdf -mem-ranges [list {0x40000000 0xbfffffff}]
configparams force-mem-access 1
targets -set -nocase -filter {name =~"APU*" && jtag_cable_name =~ "Digilent Zybo Z7 210351BA1F56A"} -index 0
ps7_init
ps7_post_config
targets -set -nocase -filter {name =~ "ARM*#0" && jtag_cable_name =~ "Digilent Zybo Z7 210351BA1F56A"} -index 0
dow D:/MNIST-CNN-FPGA-S/MNIST_CNN_FPGA.sdk/CNN/Debug/CNN.elf
configparams force-mem-access 0
----------------End of Script----------------

14:57:42 INFO  : Context for processor 'ps7_cortexa9_0' is selected.
14:57:42 INFO  : 'con' command is executed.
14:57:42 INFO  : ----------------XSDB Script (After Launch)----------------
targets -set -nocase -filter {name =~ "ARM*#0" && jtag_cable_name =~ "Digilent Zybo Z7 210351BA1F56A"} -index 0
con
----------------End of Script----------------

14:57:42 INFO  : Disconnected from the channel tcfchan#4.
12:27:23 INFO  : Connected to target on host '127.0.0.1' and port '3121'.
12:27:24 INFO  : Jtag cable 'Digilent Zybo Z7 210351BA1F56A' is selected.
12:27:24 INFO  : 'jtag frequency' command is executed.
12:27:24 INFO  : Sourcing of 'D:/MNIST-CNN-FPGA-S/MNIST_CNN_FPGA.sdk/design_1_wrapper_hw_platform_0/ps7_init.tcl' is done.
12:27:24 INFO  : Context for 'APU' is selected.
12:27:24 INFO  : System reset is completed.
12:27:27 INFO  : 'after 3000' command is executed.
12:27:27 INFO  : 'targets -set -filter {jtag_cable_name =~ "Digilent Zybo Z7 210351BA1F56A" && level==0} -index 1' command is executed.
12:27:30 INFO  : FPGA configured successfully with bitstream "D:/MNIST-CNN-FPGA-S/MNIST_CNN_FPGA.sdk/design_1_wrapper_hw_platform_0/design_1_wrapper.bit"
12:27:30 INFO  : Context for 'APU' is selected.
12:27:30 INFO  : Hardware design information is loaded from 'D:/MNIST-CNN-FPGA-S/MNIST_CNN_FPGA.sdk/design_1_wrapper_hw_platform_0/system.hdf'.
12:27:30 INFO  : 'configparams force-mem-access 1' command is executed.
12:27:30 INFO  : Context for 'APU' is selected.
12:27:30 INFO  : 'ps7_init' command is executed.
12:27:30 INFO  : 'ps7_post_config' command is executed.
12:27:30 INFO  : Context for processor 'ps7_cortexa9_0' is selected.
12:27:30 INFO  : The application 'D:/MNIST-CNN-FPGA-S/MNIST_CNN_FPGA.sdk/CNN/Debug/CNN.elf' is downloaded to processor 'ps7_cortexa9_0'.
12:27:30 INFO  : 'configparams force-mem-access 0' command is executed.
12:27:30 INFO  : ----------------XSDB Script----------------
connect -url tcp:127.0.0.1:3121
source D:/MNIST-CNN-FPGA-S/MNIST_CNN_FPGA.sdk/design_1_wrapper_hw_platform_0/ps7_init.tcl
targets -set -nocase -filter {name =~"APU*" && jtag_cable_name =~ "Digilent Zybo Z7 210351BA1F56A"} -index 0
rst -system
after 3000
targets -set -filter {jtag_cable_name =~ "Digilent Zybo Z7 210351BA1F56A" && level==0} -index 1
fpga -file D:/MNIST-CNN-FPGA-S/MNIST_CNN_FPGA.sdk/design_1_wrapper_hw_platform_0/design_1_wrapper.bit
targets -set -nocase -filter {name =~"APU*" && jtag_cable_name =~ "Digilent Zybo Z7 210351BA1F56A"} -index 0
loadhw -hw D:/MNIST-CNN-FPGA-S/MNIST_CNN_FPGA.sdk/design_1_wrapper_hw_platform_0/system.hdf -mem-ranges [list {0x40000000 0xbfffffff}]
configparams force-mem-access 1
targets -set -nocase -filter {name =~"APU*" && jtag_cable_name =~ "Digilent Zybo Z7 210351BA1F56A"} -index 0
ps7_init
ps7_post_config
targets -set -nocase -filter {name =~ "ARM*#0" && jtag_cable_name =~ "Digilent Zybo Z7 210351BA1F56A"} -index 0
dow D:/MNIST-CNN-FPGA-S/MNIST_CNN_FPGA.sdk/CNN/Debug/CNN.elf
configparams force-mem-access 0
----------------End of Script----------------

12:27:30 INFO  : Context for processor 'ps7_cortexa9_0' is selected.
12:27:30 INFO  : 'con' command is executed.
12:27:30 INFO  : ----------------XSDB Script (After Launch)----------------
targets -set -nocase -filter {name =~ "ARM*#0" && jtag_cable_name =~ "Digilent Zybo Z7 210351BA1F56A"} -index 0
con
----------------End of Script----------------

12:27:30 INFO  : Disconnected from the channel tcfchan#5.
12:30:13 INFO  : Connected to target on host '127.0.0.1' and port '3121'.
12:30:14 INFO  : Jtag cable 'Digilent Zybo Z7 210351BA1F56A' is selected.
12:30:14 INFO  : 'jtag frequency' command is executed.
12:30:14 INFO  : Sourcing of 'D:/MNIST-CNN-FPGA-S/MNIST_CNN_FPGA.sdk/design_1_wrapper_hw_platform_0/ps7_init.tcl' is done.
12:30:14 INFO  : Context for 'APU' is selected.
12:30:14 INFO  : System reset is completed.
12:30:17 INFO  : 'after 3000' command is executed.
12:30:17 INFO  : 'targets -set -filter {jtag_cable_name =~ "Digilent Zybo Z7 210351BA1F56A" && level==0} -index 1' command is executed.
12:30:19 INFO  : FPGA configured successfully with bitstream "D:/MNIST-CNN-FPGA-S/MNIST_CNN_FPGA.sdk/design_1_wrapper_hw_platform_0/design_1_wrapper.bit"
12:30:19 INFO  : Context for 'APU' is selected.
12:30:19 INFO  : Hardware design information is loaded from 'D:/MNIST-CNN-FPGA-S/MNIST_CNN_FPGA.sdk/design_1_wrapper_hw_platform_0/system.hdf'.
12:30:19 INFO  : 'configparams force-mem-access 1' command is executed.
12:30:19 INFO  : Context for 'APU' is selected.
12:30:20 INFO  : 'ps7_init' command is executed.
12:30:20 INFO  : 'ps7_post_config' command is executed.
12:30:20 INFO  : Context for processor 'ps7_cortexa9_0' is selected.
12:30:20 INFO  : The application 'D:/MNIST-CNN-FPGA-S/MNIST_CNN_FPGA.sdk/CNN/Debug/CNN.elf' is downloaded to processor 'ps7_cortexa9_0'.
12:30:20 INFO  : 'configparams force-mem-access 0' command is executed.
12:30:20 INFO  : ----------------XSDB Script----------------
connect -url tcp:127.0.0.1:3121
source D:/MNIST-CNN-FPGA-S/MNIST_CNN_FPGA.sdk/design_1_wrapper_hw_platform_0/ps7_init.tcl
targets -set -nocase -filter {name =~"APU*" && jtag_cable_name =~ "Digilent Zybo Z7 210351BA1F56A"} -index 0
rst -system
after 3000
targets -set -filter {jtag_cable_name =~ "Digilent Zybo Z7 210351BA1F56A" && level==0} -index 1
fpga -file D:/MNIST-CNN-FPGA-S/MNIST_CNN_FPGA.sdk/design_1_wrapper_hw_platform_0/design_1_wrapper.bit
targets -set -nocase -filter {name =~"APU*" && jtag_cable_name =~ "Digilent Zybo Z7 210351BA1F56A"} -index 0
loadhw -hw D:/MNIST-CNN-FPGA-S/MNIST_CNN_FPGA.sdk/design_1_wrapper_hw_platform_0/system.hdf -mem-ranges [list {0x40000000 0xbfffffff}]
configparams force-mem-access 1
targets -set -nocase -filter {name =~"APU*" && jtag_cable_name =~ "Digilent Zybo Z7 210351BA1F56A"} -index 0
ps7_init
ps7_post_config
targets -set -nocase -filter {name =~ "ARM*#0" && jtag_cable_name =~ "Digilent Zybo Z7 210351BA1F56A"} -index 0
dow D:/MNIST-CNN-FPGA-S/MNIST_CNN_FPGA.sdk/CNN/Debug/CNN.elf
configparams force-mem-access 0
----------------End of Script----------------

12:30:20 INFO  : Context for processor 'ps7_cortexa9_0' is selected.
12:30:20 INFO  : 'con' command is executed.
12:30:20 INFO  : ----------------XSDB Script (After Launch)----------------
targets -set -nocase -filter {name =~ "ARM*#0" && jtag_cable_name =~ "Digilent Zybo Z7 210351BA1F56A"} -index 0
con
----------------End of Script----------------

12:30:20 INFO  : Disconnected from the channel tcfchan#6.
12:34:12 INFO  : Connected to target on host '127.0.0.1' and port '3121'.
12:34:13 INFO  : Jtag cable 'Digilent Zybo Z7 210351BA1F56A' is selected.
12:34:13 INFO  : 'jtag frequency' command is executed.
12:34:13 INFO  : Sourcing of 'D:/MNIST-CNN-FPGA-S/MNIST_CNN_FPGA.sdk/design_1_wrapper_hw_platform_0/ps7_init.tcl' is done.
12:34:13 INFO  : Context for 'APU' is selected.
12:34:13 INFO  : System reset is completed.
12:34:16 INFO  : 'after 3000' command is executed.
12:34:16 INFO  : 'targets -set -filter {jtag_cable_name =~ "Digilent Zybo Z7 210351BA1F56A" && level==0} -index 1' command is executed.
12:34:18 INFO  : FPGA configured successfully with bitstream "D:/MNIST-CNN-FPGA-S/MNIST_CNN_FPGA.sdk/design_1_wrapper_hw_platform_0/design_1_wrapper.bit"
12:34:18 INFO  : Context for 'APU' is selected.
12:34:18 INFO  : Hardware design information is loaded from 'D:/MNIST-CNN-FPGA-S/MNIST_CNN_FPGA.sdk/design_1_wrapper_hw_platform_0/system.hdf'.
12:34:18 INFO  : 'configparams force-mem-access 1' command is executed.
12:34:18 INFO  : Context for 'APU' is selected.
12:34:19 INFO  : 'ps7_init' command is executed.
12:34:19 INFO  : 'ps7_post_config' command is executed.
12:34:19 INFO  : Context for processor 'ps7_cortexa9_0' is selected.
12:34:19 INFO  : The application 'D:/MNIST-CNN-FPGA-S/MNIST_CNN_FPGA.sdk/CNN/Debug/CNN.elf' is downloaded to processor 'ps7_cortexa9_0'.
12:34:19 INFO  : 'configparams force-mem-access 0' command is executed.
12:34:19 INFO  : ----------------XSDB Script----------------
connect -url tcp:127.0.0.1:3121
source D:/MNIST-CNN-FPGA-S/MNIST_CNN_FPGA.sdk/design_1_wrapper_hw_platform_0/ps7_init.tcl
targets -set -nocase -filter {name =~"APU*" && jtag_cable_name =~ "Digilent Zybo Z7 210351BA1F56A"} -index 0
rst -system
after 3000
targets -set -filter {jtag_cable_name =~ "Digilent Zybo Z7 210351BA1F56A" && level==0} -index 1
fpga -file D:/MNIST-CNN-FPGA-S/MNIST_CNN_FPGA.sdk/design_1_wrapper_hw_platform_0/design_1_wrapper.bit
targets -set -nocase -filter {name =~"APU*" && jtag_cable_name =~ "Digilent Zybo Z7 210351BA1F56A"} -index 0
loadhw -hw D:/MNIST-CNN-FPGA-S/MNIST_CNN_FPGA.sdk/design_1_wrapper_hw_platform_0/system.hdf -mem-ranges [list {0x40000000 0xbfffffff}]
configparams force-mem-access 1
targets -set -nocase -filter {name =~"APU*" && jtag_cable_name =~ "Digilent Zybo Z7 210351BA1F56A"} -index 0
ps7_init
ps7_post_config
targets -set -nocase -filter {name =~ "ARM*#0" && jtag_cable_name =~ "Digilent Zybo Z7 210351BA1F56A"} -index 0
dow D:/MNIST-CNN-FPGA-S/MNIST_CNN_FPGA.sdk/CNN/Debug/CNN.elf
configparams force-mem-access 0
----------------End of Script----------------

12:34:19 INFO  : Context for processor 'ps7_cortexa9_0' is selected.
12:34:19 INFO  : 'con' command is executed.
12:34:19 INFO  : ----------------XSDB Script (After Launch)----------------
targets -set -nocase -filter {name =~ "ARM*#0" && jtag_cable_name =~ "Digilent Zybo Z7 210351BA1F56A"} -index 0
con
----------------End of Script----------------

12:34:19 INFO  : Disconnected from the channel tcfchan#7.
12:41:07 INFO  : Connected to target on host '127.0.0.1' and port '3121'.
12:41:08 INFO  : Jtag cable 'Digilent Zybo Z7 210351BA1F56A' is selected.
12:41:08 INFO  : 'jtag frequency' command is executed.
12:41:08 INFO  : Sourcing of 'D:/MNIST-CNN-FPGA-S/MNIST_CNN_FPGA.sdk/design_1_wrapper_hw_platform_0/ps7_init.tcl' is done.
12:41:08 INFO  : Context for 'APU' is selected.
12:41:08 INFO  : System reset is completed.
12:41:11 INFO  : 'after 3000' command is executed.
12:41:11 INFO  : 'targets -set -filter {jtag_cable_name =~ "Digilent Zybo Z7 210351BA1F56A" && level==0} -index 1' command is executed.
12:41:13 INFO  : FPGA configured successfully with bitstream "D:/MNIST-CNN-FPGA-S/MNIST_CNN_FPGA.sdk/design_1_wrapper_hw_platform_0/design_1_wrapper.bit"
12:41:13 INFO  : Context for 'APU' is selected.
12:41:13 INFO  : Hardware design information is loaded from 'D:/MNIST-CNN-FPGA-S/MNIST_CNN_FPGA.sdk/design_1_wrapper_hw_platform_0/system.hdf'.
12:41:13 INFO  : 'configparams force-mem-access 1' command is executed.
12:41:13 INFO  : Context for 'APU' is selected.
12:41:13 INFO  : 'ps7_init' command is executed.
12:41:13 INFO  : 'ps7_post_config' command is executed.
12:41:13 INFO  : Context for processor 'ps7_cortexa9_0' is selected.
12:41:14 INFO  : The application 'D:/MNIST-CNN-FPGA-S/MNIST_CNN_FPGA.sdk/CNN/Debug/CNN.elf' is downloaded to processor 'ps7_cortexa9_0'.
12:41:14 INFO  : 'configparams force-mem-access 0' command is executed.
12:41:14 INFO  : ----------------XSDB Script----------------
connect -url tcp:127.0.0.1:3121
source D:/MNIST-CNN-FPGA-S/MNIST_CNN_FPGA.sdk/design_1_wrapper_hw_platform_0/ps7_init.tcl
targets -set -nocase -filter {name =~"APU*" && jtag_cable_name =~ "Digilent Zybo Z7 210351BA1F56A"} -index 0
rst -system
after 3000
targets -set -filter {jtag_cable_name =~ "Digilent Zybo Z7 210351BA1F56A" && level==0} -index 1
fpga -file D:/MNIST-CNN-FPGA-S/MNIST_CNN_FPGA.sdk/design_1_wrapper_hw_platform_0/design_1_wrapper.bit
targets -set -nocase -filter {name =~"APU*" && jtag_cable_name =~ "Digilent Zybo Z7 210351BA1F56A"} -index 0
loadhw -hw D:/MNIST-CNN-FPGA-S/MNIST_CNN_FPGA.sdk/design_1_wrapper_hw_platform_0/system.hdf -mem-ranges [list {0x40000000 0xbfffffff}]
configparams force-mem-access 1
targets -set -nocase -filter {name =~"APU*" && jtag_cable_name =~ "Digilent Zybo Z7 210351BA1F56A"} -index 0
ps7_init
ps7_post_config
targets -set -nocase -filter {name =~ "ARM*#0" && jtag_cable_name =~ "Digilent Zybo Z7 210351BA1F56A"} -index 0
dow D:/MNIST-CNN-FPGA-S/MNIST_CNN_FPGA.sdk/CNN/Debug/CNN.elf
configparams force-mem-access 0
----------------End of Script----------------

12:41:14 INFO  : Context for processor 'ps7_cortexa9_0' is selected.
12:41:14 INFO  : 'con' command is executed.
12:41:14 INFO  : ----------------XSDB Script (After Launch)----------------
targets -set -nocase -filter {name =~ "ARM*#0" && jtag_cable_name =~ "Digilent Zybo Z7 210351BA1F56A"} -index 0
con
----------------End of Script----------------

12:41:14 INFO  : Disconnected from the channel tcfchan#8.
12:42:18 INFO  : Connected to target on host '127.0.0.1' and port '3121'.
12:42:18 INFO  : Jtag cable 'Digilent Zybo Z7 210351BA1F56A' is selected.
12:42:18 INFO  : 'jtag frequency' command is executed.
12:42:18 INFO  : Sourcing of 'D:/MNIST-CNN-FPGA-S/MNIST_CNN_FPGA.sdk/design_1_wrapper_hw_platform_0/ps7_init.tcl' is done.
12:42:18 INFO  : Context for 'APU' is selected.
12:42:18 INFO  : System reset is completed.
12:42:21 INFO  : 'after 3000' command is executed.
12:42:21 INFO  : 'targets -set -filter {jtag_cable_name =~ "Digilent Zybo Z7 210351BA1F56A" && level==0} -index 1' command is executed.
12:42:23 INFO  : FPGA configured successfully with bitstream "D:/MNIST-CNN-FPGA-S/MNIST_CNN_FPGA.sdk/design_1_wrapper_hw_platform_0/design_1_wrapper.bit"
12:42:23 INFO  : Context for 'APU' is selected.
12:42:23 INFO  : Hardware design information is loaded from 'D:/MNIST-CNN-FPGA-S/MNIST_CNN_FPGA.sdk/design_1_wrapper_hw_platform_0/system.hdf'.
12:42:23 INFO  : 'configparams force-mem-access 1' command is executed.
12:42:24 INFO  : Context for 'APU' is selected.
12:42:24 INFO  : 'ps7_init' command is executed.
12:42:24 INFO  : 'ps7_post_config' command is executed.
12:42:24 INFO  : Context for processor 'ps7_cortexa9_0' is selected.
12:42:24 INFO  : The application 'D:/MNIST-CNN-FPGA-S/MNIST_CNN_FPGA.sdk/CNN/Debug/CNN.elf' is downloaded to processor 'ps7_cortexa9_0'.
12:42:24 INFO  : 'configparams force-mem-access 0' command is executed.
12:42:24 INFO  : ----------------XSDB Script----------------
connect -url tcp:127.0.0.1:3121
source D:/MNIST-CNN-FPGA-S/MNIST_CNN_FPGA.sdk/design_1_wrapper_hw_platform_0/ps7_init.tcl
targets -set -nocase -filter {name =~"APU*" && jtag_cable_name =~ "Digilent Zybo Z7 210351BA1F56A"} -index 0
rst -system
after 3000
targets -set -filter {jtag_cable_name =~ "Digilent Zybo Z7 210351BA1F56A" && level==0} -index 1
fpga -file D:/MNIST-CNN-FPGA-S/MNIST_CNN_FPGA.sdk/design_1_wrapper_hw_platform_0/design_1_wrapper.bit
targets -set -nocase -filter {name =~"APU*" && jtag_cable_name =~ "Digilent Zybo Z7 210351BA1F56A"} -index 0
loadhw -hw D:/MNIST-CNN-FPGA-S/MNIST_CNN_FPGA.sdk/design_1_wrapper_hw_platform_0/system.hdf -mem-ranges [list {0x40000000 0xbfffffff}]
configparams force-mem-access 1
targets -set -nocase -filter {name =~"APU*" && jtag_cable_name =~ "Digilent Zybo Z7 210351BA1F56A"} -index 0
ps7_init
ps7_post_config
targets -set -nocase -filter {name =~ "ARM*#0" && jtag_cable_name =~ "Digilent Zybo Z7 210351BA1F56A"} -index 0
dow D:/MNIST-CNN-FPGA-S/MNIST_CNN_FPGA.sdk/CNN/Debug/CNN.elf
configparams force-mem-access 0
----------------End of Script----------------

12:42:24 INFO  : Context for processor 'ps7_cortexa9_0' is selected.
12:42:24 INFO  : 'con' command is executed.
12:42:24 INFO  : ----------------XSDB Script (After Launch)----------------
targets -set -nocase -filter {name =~ "ARM*#0" && jtag_cable_name =~ "Digilent Zybo Z7 210351BA1F56A"} -index 0
con
----------------End of Script----------------

12:42:24 INFO  : Disconnected from the channel tcfchan#9.
